<?xml version="1.0" encoding="UTF-8"?>
<!-- Generated by org.testng.reporters.JUnitXMLReporter -->
<testsuite hostname="ip-172-31-16-182" ignored="0" name="E2E Tests" tests="6" failures="0" timestamp="2023-01-14T17:10:06 UTC" time="67.965" errors="0">
  <testcase name="runScenario" time="52.195" classname="io.cucumber.testng.AbstractTestNGCucumberTests"/>
  <testcase name="runScenario" time="55.484" classname="io.cucumber.testng.AbstractTestNGCucumberTests"/>
  <testcase name="runScenario" time="58.503" classname="io.cucumber.testng.AbstractTestNGCucumberTests"/>
  <testcase name="runScenario" time="59.036" classname="io.cucumber.testng.AbstractTestNGCucumberTests"/>
  <testcase name="runScenario" time="64.803" classname="io.cucumber.testng.AbstractTestNGCucumberTests"/>
  <testcase name="runScenario" time="67.54" classname="io.cucumber.testng.AbstractTestNGCucumberTests"/>
</testsuite> <!-- E2E Tests -->
