<?xml version="1.0" encoding="UTF-8"?>
<testng-results skipped="0" failed="0" ignored="0" total="6" passed="6">
  <reporter-output>
  </reporter-output>
  <suite name="E2E Test Suite" duration-ms="67965" started-at="2023-01-14T17:08:58 UTC" finished-at="2023-01-14T17:10:06 UTC">
    <groups>
      <group name="cucumber">
        <method signature="AbstractTestNGCucumberTests.runScenario(io.cucumber.testng.PickleEventWrapper, io.cucumber.testng.CucumberFeatureWrapper)[pri:0, instance:com.bdd.runners.LoginModuleRunner@17d677df]" name="runScenario" class="io.cucumber.testng.AbstractTestNGCucumberTests"/>
      </group> <!-- cucumber -->
    </groups>
    <test name="E2E Tests" duration-ms="67965" started-at="2023-01-14T17:08:58 UTC" finished-at="2023-01-14T17:10:06 UTC">
      <class name="com.bdd.runners.LoginModuleRunner">
        <test-method status="PASS" signature="setUpClass()[pri:0, instance:com.bdd.runners.LoginModuleRunner@17d677df]" name="setUpClass" is-config="true" duration-ms="142" started-at="2023-01-14T17:08:58 UTC" finished-at="2023-01-14T17:08:59 UTC">
          <reporter-output>
          </reporter-output>
        </test-method> <!-- setUpClass -->
        <test-method status="PASS" signature="runScenario(io.cucumber.testng.PickleEventWrapper, io.cucumber.testng.CucumberFeatureWrapper)[pri:0, instance:com.bdd.runners.LoginModuleRunner@17d677df]" name="runScenario" duration-ms="52195" started-at="2023-01-14T17:08:59 UTC" description="Runs Cucumber Scenarios" data-provider="scenarios" finished-at="2023-01-14T17:09:51 UTC">
          <params>
            <param index="0">
              <value>
                <![CDATA["Verify User Login With Invalid Credentials"]]>
              </value>
            </param>
            <param index="1">
              <value>
                <![CDATA["Registration Module"]]>
              </value>
            </param>
          </params>
          <reporter-output>
          </reporter-output>
        </test-method> <!-- runScenario -->
        <test-method status="PASS" signature="runScenario(io.cucumber.testng.PickleEventWrapper, io.cucumber.testng.CucumberFeatureWrapper)[pri:0, instance:com.bdd.runners.LoginModuleRunner@17d677df]" name="runScenario" duration-ms="58503" started-at="2023-01-14T17:08:59 UTC" description="Runs Cucumber Scenarios" data-provider="scenarios" finished-at="2023-01-14T17:09:57 UTC">
          <params>
            <param index="0">
              <value>
                <![CDATA["Verify User Login With Invalid Credentials"]]>
              </value>
            </param>
            <param index="1">
              <value>
                <![CDATA["Registration Module"]]>
              </value>
            </param>
          </params>
          <reporter-output>
          </reporter-output>
        </test-method> <!-- runScenario -->
        <test-method status="PASS" signature="runScenario(io.cucumber.testng.PickleEventWrapper, io.cucumber.testng.CucumberFeatureWrapper)[pri:0, instance:com.bdd.runners.LoginModuleRunner@17d677df]" name="runScenario" duration-ms="64803" started-at="2023-01-14T17:08:59 UTC" description="Runs Cucumber Scenarios" data-provider="scenarios" finished-at="2023-01-14T17:10:03 UTC">
          <params>
            <param index="0">
              <value>
                <![CDATA["Verify that login is working with correct credentials"]]>
              </value>
            </param>
            <param index="1">
              <value>
                <![CDATA["Login Module"]]>
              </value>
            </param>
          </params>
          <reporter-output>
          </reporter-output>
        </test-method> <!-- runScenario -->
        <test-method status="PASS" signature="runScenario(io.cucumber.testng.PickleEventWrapper, io.cucumber.testng.CucumberFeatureWrapper)[pri:0, instance:com.bdd.runners.LoginModuleRunner@17d677df]" name="runScenario" duration-ms="59036" started-at="2023-01-14T17:08:59 UTC" description="Runs Cucumber Scenarios" data-provider="scenarios" finished-at="2023-01-14T17:09:58 UTC">
          <params>
            <param index="0">
              <value>
                <![CDATA["Verify User Login With Invalid Credentials"]]>
              </value>
            </param>
            <param index="1">
              <value>
                <![CDATA["Registration Module"]]>
              </value>
            </param>
          </params>
          <reporter-output>
          </reporter-output>
        </test-method> <!-- runScenario -->
        <test-method status="PASS" signature="runScenario(io.cucumber.testng.PickleEventWrapper, io.cucumber.testng.CucumberFeatureWrapper)[pri:0, instance:com.bdd.runners.LoginModuleRunner@17d677df]" name="runScenario" duration-ms="67540" started-at="2023-01-14T17:08:59 UTC" description="Runs Cucumber Scenarios" data-provider="scenarios" finished-at="2023-01-14T17:10:06 UTC">
          <params>
            <param index="0">
              <value>
                <![CDATA["Verify logout functionality"]]>
              </value>
            </param>
            <param index="1">
              <value>
                <![CDATA["Profile Module"]]>
              </value>
            </param>
          </params>
          <reporter-output>
          </reporter-output>
        </test-method> <!-- runScenario -->
        <test-method status="PASS" signature="runScenario(io.cucumber.testng.PickleEventWrapper, io.cucumber.testng.CucumberFeatureWrapper)[pri:0, instance:com.bdd.runners.LoginModuleRunner@17d677df]" name="runScenario" duration-ms="55484" started-at="2023-01-14T17:08:59 UTC" description="Runs Cucumber Scenarios" data-provider="scenarios" finished-at="2023-01-14T17:09:54 UTC">
          <params>
            <param index="0">
              <value>
                <![CDATA["Verify registration functionality"]]>
              </value>
            </param>
            <param index="1">
              <value>
                <![CDATA["Registration Module"]]>
              </value>
            </param>
          </params>
          <reporter-output>
          </reporter-output>
        </test-method> <!-- runScenario -->
        <test-method status="PASS" signature="tearDownClass()[pri:0, instance:com.bdd.runners.LoginModuleRunner@17d677df]" name="tearDownClass" is-config="true" duration-ms="175" started-at="2023-01-14T17:10:06 UTC" finished-at="2023-01-14T17:10:06 UTC">
          <reporter-output>
          </reporter-output>
        </test-method> <!-- tearDownClass -->
      </class> <!-- com.bdd.runners.LoginModuleRunner -->
    </test> <!-- E2E Tests -->
  </suite> <!-- E2E Test Suite -->
</testng-results>
