<?xml version="1.0" encoding="UTF-8"?>
<!-- Generated by org.testng.reporters.JUnitXMLReporter -->
<testsuite hostname="ip-172-31-16-182" ignored="0" name="E2E Tests" tests="6" failures="0" timestamp="2023-01-14T16:23:08 UTC" time="72.083" errors="0">
  <testcase name="runScenario" time="54.285" classname="io.cucumber.testng.AbstractTestNGCucumberTests"/>
  <testcase name="runScenario" time="54.691" classname="io.cucumber.testng.AbstractTestNGCucumberTests"/>
  <testcase name="runScenario" time="55.032" classname="io.cucumber.testng.AbstractTestNGCucumberTests"/>
  <testcase name="runScenario" time="59.825" classname="io.cucumber.testng.AbstractTestNGCucumberTests"/>
  <testcase name="runScenario" time="60.039" classname="io.cucumber.testng.AbstractTestNGCucumberTests"/>
  <testcase name="runScenario" time="71.864" classname="io.cucumber.testng.AbstractTestNGCucumberTests"/>
</testsuite> <!-- E2E Tests -->
